[Korali] --------------------------------------------------------------------
[Korali] Current Generation: #1
[Korali]  + Using State Normalization N(Mean, Sigma):
[Korali]  + State [0]: N(-3.819410, 13.274255)
[Korali]  + State [1]: N(0.066468, 14.653360)
[Korali]  + State [2]: N(2.074804, 16.192007)
[Korali]  + State [3]: N(3.712348, 16.856468)
[Korali]  + State [4]: N(-4.539837, 17.950556)
[Korali]  + State [5]: N(-9.932123, 15.319564)
[Korali]  + State [6]: N(0.027246, 13.347046)
[Korali]  + State [7]: N(7.535905, 19.015734)
[Korali]  + State [8]: N(13.482033, 15.998171)
[Korali]  + State [9]: N(4.984772, 18.462202)
[Korali]  + State [10]: N(-3.045044, 14.522836)
[Korali]  + State [11]: N(0.897968, 14.546116)
[Korali]  + State [12]: N(-1.129607, 14.460544)
[Korali]  + State [13]: N(-0.067744, 12.479820)
[Korali]  + State [14]: N(-1.802721, 14.571275)
[Korali]  + State [15]: N(-10.771970, 14.569709)
[Korali]  + State [16]: N(-6.535530, 13.603803)
[Korali]  + State [17]: N(0.638247, 14.948125)
[Korali]  + State [18]: N(-3.606917, 15.578066)
[Korali]  + State [19]: N(-2.672630, 17.143999)
[Korali]  + State [20]: N(-10.407825, 16.430241)
[Korali]  + State [21]: N(-1.948740, 19.656567)
[Korali]  + State [22]: N(10.654552, 17.045898)
[Korali]  + State [23]: N(6.996964, 15.278373)
[Korali]  + State [24]: N(2.006078, 12.797393)
[Korali]  + State [25]: N(-7.908401, 13.053199)
[Korali]  + State [26]: N(-7.875935, 12.611057)
[Korali]  + State [27]: N(-1.893073, 17.351263)
[Korali]  + State [28]: N(2.883753, 19.396645)
[Korali]  + State [29]: N(-3.205785, 17.839960)
[Korali]  + State [30]: N(1.502337, 16.870050)
[Korali]  + State [31]: N(-9.200706, 16.515999)
[Korali]  + State [32]: N(-0.895280, 16.004040)
[Korali]  + State [33]: N(8.166258, 16.716970)
[Korali]  + State [34]: N(1.534262, 13.051535)
[Korali]  + State [35]: N(-7.679234, 14.353435)
[Korali]  + State [36]: N(-8.658794, 19.629351)
[Korali]  + State [37]: N(-6.438199, 15.832472)
[Korali]  + State [38]: N(-1.146800, 15.203947)
[Korali]  + State [39]: N(-2.354443, 13.784153)
[Korali]  + State [40]: N(-8.751742, 15.481750)
[Korali]  + State [41]: N(-5.684871, 16.334234)
[Korali]  + State [42]: N(-1.128112, 10.658648)
[Korali]  + State [43]: N(5.068246, 12.686064)
[Korali]  + State [44]: N(6.577500, 12.806732)
[Korali]  + State [45]: N(1.488069, 17.330776)
[Korali]  + State [46]: N(-9.050344, 17.152571)
[Korali]  + State [47]: N(-8.741609, 15.391835)
[Korali]  + State [48]: N(-1.962355, 15.336351)
[Korali]  + State [49]: N(0.926436, 17.638578)
[Korali]  + State [50]: N(-0.729679, 16.483620)
[Korali]  + State [51]: N(-2.003386, 18.354139)
[Korali]  + State [52]: N(-7.791072, 13.995709)
[Korali]  + State [53]: N(-4.411252, 17.501095)
[Korali]  + State [54]: N(5.487689, 15.760352)
[Korali]  + State [55]: N(5.066505, 16.818916)
[Korali]  + State [56]: N(-4.031703, 13.038610)
[Korali]  + State [57]: N(2.334896, 10.849422)
[Korali]  + State [58]: N(2.908010, 15.950461)
[Korali]  + State [59]: N(0.787927, 13.966680)
[Korali]  + State [60]: N(-4.362984, 11.712009)
[Korali]  + State [61]: N(-8.567762, 15.169519)
[Korali]  + State [62]: N(-7.509453, 16.042133)
[Korali]  + State [63]: N(1.315470, 14.888375)
[Korali]  + State [64]: N(11.484468, 15.336641)
[Korali]  + State [65]: N(-6.512702, 19.654406)
[Korali]  + State [66]: N(-10.915136, 17.495295)
[Korali]  + State [67]: N(-8.157134, 11.039849)
[Korali]  + State [68]: N(-1.275888, 9.401853)
[Korali]  + State [69]: N(2.761629, 15.024634)
[Korali]  + State [70]: N(2.747459, 16.675098)
[Korali]  + State [71]: N(-0.633375, 12.168645)
[Korali]  + State [72]: N(-4.839016, 14.603901)
[Korali]  + State [73]: N(-2.618935, 15.405162)
[Korali]  + State [74]: N(5.777969, 15.329179)
[Korali]  + State [75]: N(3.213505, 17.837446)
[Korali]  + State [76]: N(-0.026896, 17.550146)
[Korali]  + State [77]: N(-6.456736, 15.360386)
[Korali]  + State [78]: N(1.206893, 15.369680)
[Korali]  + State [79]: N(9.408972, 13.499475)
[Korali]  + State [80]: N(8.017414, 15.025175)
[Korali]  + State [81]: N(3.532764, 13.764696)
[Korali]  + State [82]: N(-1.204744, 13.246242)
[Korali]  + State [83]: N(-1.103720, 16.514704)
[Korali]  + State [84]: N(4.269796, 16.971785)
[Korali]  + State [85]: N(1.864495, 15.585608)
[Korali]  + State [86]: N(3.740662, 12.875539)
[Korali]  + State [87]: N(-0.018218, 13.791161)
[Korali]  + State [88]: N(-1.555409, 15.406258)
[Korali]  + State [89]: N(-0.168529, 14.978251)
[Korali]  + State [90]: N(4.086191, 14.173135)
[Korali]  + State [91]: N(3.025432, 13.507081)
[Korali]  + State [92]: N(1.212365, 12.252930)
[Korali]  + State [93]: N(1.054708, 13.598630)
[Korali]  + State [94]: N(3.893861, 14.159619)
[Korali]  + State [95]: N(5.740047, 14.401234)
[Korali]  + State [96]: N(3.046058, 19.046709)
[Korali]  + State [97]: N(-5.766407, 14.635664)
[Korali]  + State [98]: N(-6.272120, 14.799533)
[Korali]  + State [99]: N(7.243872, 19.741764)
[Korali]  + State [100]: N(12.570116, 20.372513)
[Korali]  + State [101]: N(4.080701, 12.976784)
[Korali]  + State [102]: N(-5.387678, 14.171889)
[Korali]  + State [103]: N(-4.714040, 18.561754)
[Korali]  + State [104]: N(3.783425, 18.094494)
[Korali]  + State [105]: N(9.406071, 13.921560)
[Korali]  + State [106]: N(6.613794, 14.987914)
[Korali]  + State [107]: N(-1.013138, 15.970543)
[Korali]  + State [108]: N(-3.850851, 11.807603)
[Korali]  + State [109]: N(-2.745958, 12.819041)
[Korali]  + State [110]: N(2.145599, 16.256863)
[Korali]  + State [111]: N(-5.308376, 16.596640)
[Korali]  + State [112]: N(-4.450294, 17.178043)
[Korali]  + State [113]: N(-1.555983, 14.191772)
[Korali]  + State [114]: N(6.728570, 15.031216)
[Korali]  + State [115]: N(7.741517, 18.481743)
[Korali]  + State [116]: N(6.565122, 17.644861)
[Korali]  + State [117]: N(0.321654, 16.003931)
[Korali]  + State [118]: N(-3.339571, 12.414725)
[Korali]  + State [119]: N(-0.189293, 12.395966)
[Korali]  + State [120]: N(3.061103, 17.103251)
[Korali]  + State [121]: N(3.307283, 15.901264)
[Korali]  + State [122]: N(-1.318771, 13.153502)
[Korali]  + State [123]: N(-4.623798, 14.880479)
[Korali]  + State [124]: N(-7.995420, 15.729422)
[Korali]  + State [125]: N(-0.008165, 14.347798)
[Korali]  + State [126]: N(6.518823, 14.496544)
[Korali]  + State [127]: N(4.337236, 12.377131)
[Korali]  + State [128]: N(-0.036982, 0.059604)
[Korali]  + State [129]: N(-0.014110, 0.087537)
[Korali]  + State [130]: N(0.009085, 0.114970)
[Korali]  + State [131]: N(0.033566, 0.132953)
[Korali]  + State [132]: N(0.060581, 0.136436)
[Korali]  + State [133]: N(0.071042, 0.134301)
[Korali]  + State [134]: N(0.052162, 0.133439)
[Korali]  + State [135]: N(0.026340, 0.130236)
[Korali]  + State [136]: N(0.016085, 0.110123)
[Korali]  + State [137]: N(0.033387, 0.093229)
[Korali]  + State [138]: N(0.058675, 0.084132)
[Korali]  + State [139]: N(0.080812, 0.085634)
[Korali]  + State [140]: N(0.107595, 0.098865)
[Korali]  + State [141]: N(0.132974, 0.112044)
[Korali]  + State [142]: N(0.164245, 0.124485)
[Korali]  + State [143]: N(0.193281, 0.131998)
[Korali]  + State [144]: N(0.195292, 0.129993)
[Korali]  + State [145]: N(0.185988, 0.128690)
[Korali]  + State [146]: N(0.181897, 0.141565)
[Korali]  + State [147]: N(0.175714, 0.155996)
[Korali]  + State [148]: N(0.162228, 0.169151)
[Korali]  + State [149]: N(0.123332, 0.176067)
[Korali]  + State [150]: N(0.085285, 0.163018)
[Korali]  + State [151]: N(0.079644, 0.140721)
[Korali]  + State [152]: N(0.094002, 0.122052)
[Korali]  + State [153]: N(0.116331, 0.105194)
[Korali]  + State [154]: N(0.127567, 0.086799)
[Korali]  + State [155]: N(0.127095, 0.074452)
[Korali]  + State [156]: N(0.123810, 0.064963)
[Korali]  + State [157]: N(0.126272, 0.061564)
[Korali]  + State [158]: N(0.130069, 0.060624)
[Korali]  + State [159]: N(0.141958, 0.062262)
[Korali]  + State [160]: N(0.140642, 0.068682)
[Korali]  + State [161]: N(0.140648, 0.085974)
[Korali]  + State [162]: N(0.166627, 0.102980)
[Korali]  + State [163]: N(0.203375, 0.115319)
[Korali]  + State [164]: N(0.223768, 0.122067)
[Korali]  + State [165]: N(0.225810, 0.109887)
[Korali]  + State [166]: N(0.215171, 0.086873)
[Korali]  + State [167]: N(0.201119, 0.068507)
[Korali]  + State [168]: N(0.186614, 0.077783)
[Korali]  + State [169]: N(0.161898, 0.091143)
[Korali]  + State [170]: N(0.133818, 0.091953)
[Korali]  + State [171]: N(0.111901, 0.099862)
[Korali]  + State [172]: N(0.104052, 0.119572)
[Korali]  + State [173]: N(0.112830, 0.128915)
[Korali]  + State [174]: N(0.126243, 0.112951)
[Korali]  + State [175]: N(0.124939, 0.083670)
[Korali]  + State [176]: N(0.110899, 0.062051)
[Korali]  + State [177]: N(0.094252, 0.062902)
[Korali]  + State [178]: N(0.079590, 0.070904)
[Korali]  + State [179]: N(0.072062, 0.079231)
[Korali]  + State [180]: N(0.073372, 0.090290)
[Korali]  + State [181]: N(0.069933, 0.101312)
[Korali]  + State [182]: N(0.063859, 0.101230)
[Korali]  + State [183]: N(0.073206, 0.107063)
[Korali]  + State [184]: N(0.099191, 0.112164)
[Korali]  + State [185]: N(0.120115, 0.114074)
[Korali]  + State [186]: N(0.144363, 0.120417)
[Korali]  + State [187]: N(0.175839, 0.123547)
[Korali]  + State [188]: N(0.212380, 0.125364)
[Korali]  + State [189]: N(0.244777, 0.125110)
[Korali]  + State [190]: N(0.259426, 0.118137)
[Korali]  + State [191]: N(0.254159, 0.109317)
[Korali]  + State [192]: N(0.252817, 0.104602)
[Korali]  + State [193]: N(0.277495, 0.103996)
[Korali]  + State [194]: N(0.291200, 0.101083)
[Korali]  + State [195]: N(0.282151, 0.092313)
[Korali]  + State [196]: N(0.255628, 0.091971)
[Korali]  + State [197]: N(0.225392, 0.104712)
[Korali]  + State [198]: N(0.203118, 0.114636)
[Korali]  + State [199]: N(0.186666, 0.118516)
[Korali]  + State [200]: N(0.164268, 0.126515)
[Korali]  + State [201]: N(0.127450, 0.133448)
[Korali]  + State [202]: N(0.085310, 0.134019)
[Korali]  + State [203]: N(0.057754, 0.130355)
[Korali]  + State [204]: N(0.044393, 0.110479)
[Korali]  + State [205]: N(0.034586, 0.087821)
[Korali]  + State [206]: N(0.008935, 0.075463)
[Korali]  + State [207]: N(-0.015392, 0.066708)
[Korali]  + State [208]: N(-0.023905, 0.070900)
[Korali]  + State [209]: N(-0.019838, 0.085853)
[Korali]  + State [210]: N(-0.013955, 0.094511)
[Korali]  + State [211]: N(-0.015804, 0.097488)
[Korali]  + State [212]: N(-0.021864, 0.086640)
[Korali]  + State [213]: N(-0.021279, 0.066128)
[Korali]  + State [214]: N(-0.020017, 0.059588)
[Korali]  + State [215]: N(-0.015722, 0.063322)
[Korali]  + State [216]: N(-0.017388, 0.068960)
[Korali]  + State [217]: N(-0.029142, 0.069226)
[Korali]  + State [218]: N(-0.044243, 0.060909)
[Korali]  + State [219]: N(-0.048642, 0.050014)
[Korali]  + State [220]: N(-0.042038, 0.049612)
[Korali]  + State [221]: N(-0.029951, 0.059215)
[Korali]  + State [222]: N(-0.017217, 0.070474)
[Korali]  + State [223]: N(-0.006209, 0.081208)
[Korali]  + State [224]: N(0.008909, 0.095076)
[Korali]  + State [225]: N(0.025146, 0.121465)
[Korali]  + State [226]: N(0.020192, 0.149810)
[Korali]  + State [227]: N(-0.009028, 0.163742)
[Korali]  + State [228]: N(-0.030514, 0.152272)
[Korali]  + State [229]: N(-0.028070, 0.120505)
[Korali]  + State [230]: N(-0.017229, 0.091343)
[Korali]  + State [231]: N(-0.018312, 0.075420)
[Korali]  + State [232]: N(-0.032240, 0.067911)
[Korali]  + State [233]: N(-0.037253, 0.074605)
[Korali]  + State [234]: N(-0.019088, 0.087446)
[Korali]  + State [235]: N(0.016237, 0.091549)
[Korali]  + State [236]: N(0.053521, 0.083875)
[Korali]  + State [237]: N(0.078820, 0.072544)
[Korali]  + State [238]: N(0.085742, 0.058725)
[Korali]  + State [239]: N(0.084938, 0.046394)
[Korali]  + State [240]: N(0.067642, 0.040650)
[Korali]  + State [241]: N(0.037596, 0.045859)
[Korali]  + State [242]: N(0.005151, 0.062532)
[Korali]  + State [243]: N(-0.014378, 0.074492)
[Korali]  + State [244]: N(-0.025791, 0.070613)
[Korali]  + State [245]: N(-0.027438, 0.056001)
[Korali]  + State [246]: N(-0.025540, 0.045264)
[Korali]  + State [247]: N(-0.028836, 0.044027)
[Korali]  + State [248]: N(-0.035434, 0.046535)
[Korali]  + State [249]: N(-0.045241, 0.059815)
[Korali]  + State [250]: N(-0.049495, 0.084988)
[Korali]  + State [251]: N(-0.048184, 0.104344)
[Korali]  + State [252]: N(-0.051955, 0.108788)
[Korali]  + State [253]: N(-0.066333, 0.090173)
[Korali]  + State [254]: N(-0.074302, 0.062975)
[Korali]  + State [255]: N(-0.063080, 0.042126)
[Korali]  + Using State Normalization N(Mean, Sigma):
[Korali]  + State [0]: N(-0.173287, 1.101980)
[Korali]  + State [1]: N(0.021544, 1.036165)
[Korali]  + State [2]: N(0.154811, 1.046717)
[Korali]  + State [3]: N(0.040649, 1.041224)
[Korali]  + State [4]: N(0.060785, 0.989549)
[Korali]  + State [5]: N(-0.037475, 0.931949)
[Korali]  + State [6]: N(-0.040194, 1.020098)
[Korali]  + State [7]: N(-0.016214, 1.033411)
[Korali]  + State [8]: N(-0.215938, 1.167770)
[Korali]  + State [9]: N(-0.103588, 1.063377)
[Korali]  + State [10]: N(-0.075033, 1.070536)
[Korali]  + State [11]: N(-0.133967, 1.012922)
[Korali]  + State [12]: N(0.128172, 1.096652)
[Korali]  + State [13]: N(0.022037, 1.139297)
[Korali]  + State [14]: N(0.014328, 1.013139)
[Korali]  + State [15]: N(0.066972, 1.037975)
[Korali]  + State [16]: N(0.092108, 1.001547)
[Korali]  + State [17]: N(0.228247, 1.081333)
[Korali]  + State [18]: N(0.076383, 1.033721)
[Korali]  + State [19]: N(-0.102356, 1.237362)
[Korali]  + State [20]: N(-0.336779, 1.108896)
[Korali]  + State [21]: N(-0.242012, 0.969321)
[Korali]  + State [22]: N(-0.024272, 1.038023)
[Korali]  + State [23]: N(0.044276, 1.032883)
[Korali]  + State [24]: N(-0.142907, 1.061269)
[Korali]  + State [25]: N(-0.149139, 1.022774)
[Korali]  + State [26]: N(-0.113185, 1.078761)
[Korali]  + State [27]: N(0.034675, 0.947390)
[Korali]  + State [28]: N(0.121071, 0.923263)
[Korali]  + State [29]: N(0.065021, 0.923145)
[Korali]  + State [30]: N(-0.184872, 1.028743)
[Korali]  + State [31]: N(-0.083876, 0.947608)
[Korali]  + State [32]: N(-0.034060, 1.027785)
[Korali]  + State [33]: N(0.161233, 1.104831)
[Korali]  + State [34]: N(0.194578, 1.059225)
[Korali]  + State [35]: N(0.232229, 1.175700)
[Korali]  + State [36]: N(0.041125, 1.056833)
[Korali]  + State [37]: N(0.052217, 1.012426)
[Korali]  + State [38]: N(0.014291, 0.990488)
[Korali]  + State [39]: N(-0.034990, 0.985414)
[Korali]  + State [40]: N(-0.220254, 0.967776)
[Korali]  + State [41]: N(-0.220594, 1.046308)
[Korali]  + State [42]: N(-0.150363, 1.101427)
[Korali]  + State [43]: N(-0.143204, 1.009431)
[Korali]  + State [44]: N(-0.076510, 1.125794)
[Korali]  + State [45]: N(0.009054, 1.033733)
[Korali]  + State [46]: N(0.040994, 0.928991)
[Korali]  + State [47]: N(-0.075216, 1.094548)
[Korali]  + State [48]: N(-0.095638, 1.049804)
[Korali]  + State [49]: N(-0.087177, 0.942472)
[Korali]  + State [50]: N(0.064016, 0.996165)
[Korali]  + State [51]: N(-0.076548, 0.886344)
[Korali]  + State [52]: N(0.000575, 1.009425)
[Korali]  + State [53]: N(0.075341, 1.001411)
[Korali]  + State [54]: N(0.038377, 1.042619)
[Korali]  + State [55]: N(0.035021, 0.990883)
[Korali]  + State [56]: N(0.117262, 1.062617)
[Korali]  + State [57]: N(-0.091525, 1.154162)
[Korali]  + State [58]: N(0.028694, 0.956591)
[Korali]  + State [59]: N(0.046446, 1.031267)
[Korali]  + State [60]: N(0.039647, 1.126871)
[Korali]  + State [61]: N(0.042091, 0.982147)
[Korali]  + State [62]: N(0.166724, 1.002381)
[Korali]  + State [63]: N(-0.053371, 0.928777)
[Korali]  + State [64]: N(-0.231379, 0.925566)
[Korali]  + State [65]: N(0.008554, 0.926005)
[Korali]  + State [66]: N(0.050642, 0.956097)
[Korali]  + State [67]: N(0.111397, 1.033097)
[Korali]  + State [68]: N(-0.005544, 1.072152)
[Korali]  + State [69]: N(0.101935, 0.973465)
[Korali]  + State [70]: N(0.025570, 0.976712)
[Korali]  + State [71]: N(-0.139339, 0.971842)
[Korali]  + State [72]: N(0.001078, 0.978966)
[Korali]  + State [73]: N(-0.042051, 1.008476)
[Korali]  + State [74]: N(-0.020986, 0.945389)
[Korali]  + State [75]: N(0.012615, 0.919645)
[Korali]  + State [76]: N(0.011527, 1.011951)
[Korali]  + State [77]: N(0.062887, 1.005465)
[Korali]  + State [78]: N(-0.076366, 0.984218)
[Korali]  + State [79]: N(-0.080251, 1.044123)
[Korali]  + State [80]: N(0.223695, 0.900975)
[Korali]  + State [81]: N(0.005641, 1.020082)
[Korali]  + State [82]: N(-0.031932, 0.968387)
[Korali]  + State [83]: N(-0.092544, 0.904485)
[Korali]  + State [84]: N(-0.104945, 0.950782)
[Korali]  + State [85]: N(0.161496, 1.105135)
[Korali]  + State [86]: N(-0.021463, 1.012022)
[Korali]  + State [87]: N(-0.134150, 0.966942)
[Korali]  + State [88]: N(-0.209943, 1.046350)
[Korali]  + State [89]: N(-0.022559, 1.018854)
[Korali]  + State [90]: N(-0.002723, 1.028382)
[Korali]  + State [91]: N(0.034731, 0.993483)
[Korali]  + State [92]: N(-0.105918, 0.987720)
[Korali]  + State [93]: N(-0.159631, 0.938249)
[Korali]  + State [94]: N(-0.037606, 0.878609)
[Korali]  + State [95]: N(-0.017672, 0.997636)
[Korali]  + State [96]: N(0.036256, 0.861284)
[Korali]  + State [97]: N(0.096410, 0.914478)
[Korali]  + State [98]: N(0.013708, 0.950948)
[Korali]  + State [99]: N(-0.247891, 0.904763)
[Korali]  + State [100]: N(-0.139131, 0.889626)
[Korali]  + State [101]: N(0.010132, 0.964824)
[Korali]  + State [102]: N(-0.156433, 1.240813)
[Korali]  + State [103]: N(0.077870, 0.925942)
[Korali]  + State [104]: N(0.098739, 1.010967)
[Korali]  + State [105]: N(-0.002339, 1.105562)
[Korali]  + State [106]: N(-0.179672, 0.929573)
[Korali]  + State [107]: N(-0.120772, 0.953331)
[Korali]  + State [108]: N(0.074013, 1.042803)
[Korali]  + State [109]: N(0.047065, 0.937850)
[Korali]  + State [110]: N(0.088906, 0.943538)
[Korali]  + State [111]: N(0.156953, 0.918435)
[Korali]  + State [112]: N(0.061467, 0.956763)
[Korali]  + State [113]: N(-0.205775, 1.010809)
[Korali]  + State [114]: N(-0.107814, 0.972663)
[Korali]  + State [115]: N(-0.044689, 0.938989)
[Korali]  + State [116]: N(0.045764, 1.043873)
[Korali]  + State [117]: N(-0.099423, 1.015551)
[Korali]  + State [118]: N(0.021897, 1.256908)
[Korali]  + State [119]: N(-0.173336, 1.014878)
[Korali]  + State [120]: N(-0.062041, 1.036185)
[Korali]  + State [121]: N(0.030492, 0.955283)
[Korali]  + State [122]: N(-0.049191, 0.939425)
[Korali]  + State [123]: N(-0.109033, 0.985248)
[Korali]  + State [124]: N(-0.072241, 1.008868)
[Korali]  + State [125]: N(0.101970, 1.121056)
[Korali]  + State [126]: N(0.092256, 1.002205)
[Korali]  + State [127]: N(-0.104152, 1.117755)
[Korali]  + State [128]: N(0.237878, 1.143856)
[Korali]  + State [129]: N(0.118409, 0.975846)
[Korali]  + State [130]: N(0.041514, 0.988181)
[Korali]  + State [131]: N(0.025573, 1.013871)
[Korali]  + State [132]: N(0.033980, 1.009699)
[Korali]  + State [133]: N(0.070835, 0.973810)
[Korali]  + State [134]: N(0.107528, 0.950816)
[Korali]  + State [135]: N(0.142197, 0.931634)
[Korali]  + State [136]: N(0.195796, 0.933451)
[Korali]  + State [137]: N(0.186526, 0.939663)
[Korali]  + State [138]: N(0.134825, 0.938612)
[Korali]  + State [139]: N(0.054304, 0.963977)
[Korali]  + State [140]: N(-0.049092, 0.984161)
[Korali]  + State [141]: N(-0.085383, 0.992677)
[Korali]  + State [142]: N(-0.108126, 0.996492)
[Korali]  + State [143]: N(-0.113287, 1.013026)
[Korali]  + State [144]: N(-0.098714, 1.045144)
[Korali]  + State [145]: N(-0.086913, 1.082555)
[Korali]  + State [146]: N(-0.024685, 1.041990)
[Korali]  + State [147]: N(0.062350, 0.974712)
[Korali]  + State [148]: N(0.132727, 0.890602)
[Korali]  + State [149]: N(0.144446, 0.874249)
[Korali]  + State [150]: N(0.119786, 0.903934)
[Korali]  + State [151]: N(0.098987, 0.925664)
[Korali]  + State [152]: N(0.091150, 0.926345)
[Korali]  + State [153]: N(0.047519, 0.951896)
[Korali]  + State [154]: N(-0.038143, 1.002763)
[Korali]  + State [155]: N(-0.130057, 1.009646)
[Korali]  + State [156]: N(-0.161801, 0.919358)
[Korali]  + State [157]: N(-0.069091, 0.794461)
[Korali]  + State [158]: N(0.050945, 0.841837)
[Korali]  + State [159]: N(0.034709, 0.945373)
[Korali]  + State [160]: N(-0.048299, 1.007542)
[Korali]  + State [161]: N(-0.119065, 1.002435)
[Korali]  + State [162]: N(-0.140178, 1.004320)
[Korali]  + State [163]: N(-0.150498, 1.004998)
[Korali]  + State [164]: N(-0.113638, 0.990485)
[Korali]  + State [165]: N(-0.060586, 0.986087)
[Korali]  + State [166]: N(0.050594, 1.009639)
[Korali]  + State [167]: N(0.288001, 1.083902)
[Korali]  + State [168]: N(0.462172, 1.107714)
[Korali]  + State [169]: N(0.471993, 1.086444)
[Korali]  + State [170]: N(0.420416, 1.029313)
[Korali]  + State [171]: N(0.318130, 0.939133)
[Korali]  + State [172]: N(0.204419, 0.891243)
[Korali]  + State [173]: N(0.144014, 0.903041)
[Korali]  + State [174]: N(0.162175, 0.910574)
[Korali]  + State [175]: N(0.244759, 0.966208)
[Korali]  + State [176]: N(0.301485, 1.128855)
[Korali]  + State [177]: N(0.215857, 1.157168)
[Korali]  + State [178]: N(0.078160, 1.042328)
[Korali]  + State [179]: N(-0.007963, 0.954655)
[Korali]  + State [180]: N(-0.079166, 0.909692)
[Korali]  + State [181]: N(-0.117259, 0.899938)
[Korali]  + State [182]: N(-0.140449, 0.922334)
[Korali]  + State [183]: N(-0.153170, 0.917421)
[Korali]  + State [184]: N(-0.164597, 0.889013)
[Korali]  + State [185]: N(-0.160069, 0.887332)
[Korali]  + State [186]: N(-0.165980, 0.902420)
[Korali]  + State [187]: N(-0.158913, 0.924619)
[Korali]  + State [188]: N(-0.132811, 0.969963)
[Korali]  + State [189]: N(-0.107853, 0.993318)
[Korali]  + State [190]: N(-0.071903, 1.004140)
[Korali]  + State [191]: N(0.031466, 1.003481)
[Korali]  + State [192]: N(0.126474, 1.008994)
[Korali]  + State [193]: N(0.135957, 1.026707)
[Korali]  + State [194]: N(0.133972, 1.022545)
[Korali]  + State [195]: N(0.144108, 1.025772)
[Korali]  + State [196]: N(0.153033, 1.029398)
[Korali]  + State [197]: N(0.129976, 1.017703)
[Korali]  + State [198]: N(0.132113, 0.985992)
[Korali]  + State [199]: N(0.133143, 0.963992)
[Korali]  + State [200]: N(0.101494, 0.972556)
[Korali]  + State [201]: N(0.088829, 0.966312)
[Korali]  + State [202]: N(0.080374, 0.958551)
[Korali]  + State [203]: N(0.063461, 0.966086)
[Korali]  + State [204]: N(0.040334, 1.017346)
[Korali]  + State [205]: N(0.015914, 1.053953)
[Korali]  + State [206]: N(0.036523, 1.023059)
[Korali]  + State [207]: N(0.034958, 1.027721)
[Korali]  + State [208]: N(-0.001510, 1.040851)
[Korali]  + State [209]: N(0.035582, 1.010212)
[Korali]  + State [210]: N(0.067946, 0.968746)
[Korali]  + State [211]: N(0.079602, 0.973337)
[Korali]  + State [212]: N(0.054407, 1.033194)
[Korali]  + State [213]: N(-0.020200, 1.118902)
[Korali]  + State [214]: N(-0.008793, 1.070407)
[Korali]  + State [215]: N(0.015700, 1.073032)
[Korali]  + State [216]: N(-0.004384, 1.044577)
[Korali]  + State [217]: N(-0.065328, 1.000412)
[Korali]  + State [218]: N(-0.118962, 1.007189)
[Korali]  + State [219]: N(-0.187122, 1.100928)
[Korali]  + State [220]: N(-0.158401, 1.154029)
[Korali]  + State [221]: N(-0.084207, 1.128838)
[Korali]  + State [222]: N(-0.045801, 1.128609)
[Korali]  + State [223]: N(-0.005740, 1.077851)
[Korali]  + State [224]: N(-0.000369, 1.037472)
[Korali]  + State [225]: N(-0.009810, 1.028205)
[Korali]  + State [226]: N(0.009723, 0.997230)
[Korali]  + State [227]: N(0.042118, 0.963481)
[Korali]  + State [228]: N(0.037731, 0.963833)
[Korali]  + State [229]: N(0.014613, 0.983999)
[Korali]  + State [230]: N(0.007283, 0.976867)
[Korali]  + State [231]: N(-0.043627, 0.998437)
[Korali]  + State [232]: N(-0.036544, 1.004291)
[Korali]  + State [233]: N(0.063407, 0.916192)
[Korali]  + State [234]: N(0.138764, 0.886562)
[Korali]  + State [235]: N(0.139009, 0.900068)
[Korali]  + State [236]: N(0.098417, 0.933684)
[Korali]  + State [237]: N(0.069822, 0.956522)
[Korali]  + State [238]: N(0.040028, 0.960927)
[Korali]  + State [239]: N(0.001240, 0.941552)
[Korali]  + State [240]: N(0.072292, 1.068787)
[Korali]  + State [241]: N(0.185211, 1.244230)
[Korali]  + State [242]: N(0.100105, 1.135715)
[Korali]  + State [243]: N(-0.002897, 1.029006)
[Korali]  + State [244]: N(-0.061195, 0.954791)
[Korali]  + State [245]: N(-0.067893, 0.914796)
[Korali]  + State [246]: N(-0.039944, 1.086462)
[Korali]  + State [247]: N(0.097936, 1.176231)
[Korali]  + State [248]: N(0.204854, 1.130506)
[Korali]  + State [249]: N(0.234833, 0.914172)
[Korali]  + State [250]: N(0.202765, 0.915903)
[Korali]  + State [251]: N(0.178999, 0.967847)
[Korali]  + State [252]: N(0.165025, 0.967027)
[Korali]  + State [253]: N(0.149129, 0.935183)
[Korali]  + State [254]: N(0.163018, 0.936570)
[Korali]  + State [255]: N(0.292987, 1.320035)
